<?xml version="1.0" encoding="UTF-8"?>
<testsuite xmlns:xsi="http://www.w3.org/2001/XMLSchema-instance" xsi:noNamespaceSchemaLocation="https://maven.apache.org/surefire/maven-surefire-plugin/xsd/surefire-test-report.xsd" version="3.0.2" name="com.example.financetracker.SecurityConfigTest" time="5.388" tests="17" errors="0" skipped="0" failures="0">
  <properties>
[...]
</properties>
  <testcase name="testSecuredEndpoints(HttpMethod, String, String, HttpStatus)[1]" classname="com.example.financetracker.SecurityConfigTest" time="0.488">
    <system-out><![CDATA[
  .   ____          _            __ _ _
 /\\ / ___'_ __ _ _(_)_ __  __ _ \ \ \ \
( ( )\___ | '_ | '_| | '_ \/ _` | \ \ \ \
 \\/  ___)| |_)| | | | | || (_| |  ) ) ) )
  '  |____| .__|_| |_|_| |_\__, | / / / /
 =========|_|==============|___/=/_/_/_/

 :: Spring Boot ::                (v3.4.4)

2025-05-05T14:41:30.815+03:00  INFO 17388 --- [           main] c.e.financetracker.SecurityConfigTest    : Starting SecurityConfigTest using Java 17.0.2 with PID 17388 (started by Rota-1 in D:\JavaDev\FinanceTracker)
2025-05-05T14:41:30.816+03:00  INFO 17388 --- [           main] c.e.financetracker.SecurityConfigTest    : The following 1 profile is active: "test"
2025-05-05T14:41:31.621+03:00  INFO 17388 --- [           main] .s.d.r.c.RepositoryConfigurationDelegate : Bootstrapping Spring Data JPA repositories in DEFAULT mode.
2025-05-05T14:41:31.722+03:00  INFO 17388 --- [           main] .s.d.r.c.RepositoryConfigurationDelegate : Finished Spring Data repository scanning in 97 ms. Found 6 JPA repository interfaces.
2025-05-05T14:41:32.120+03:00  INFO 17388 --- [           main] com.zaxxer.hikari.HikariDataSource       : HikariPool-2 - Starting...
2025-05-05T14:41:32.605+03:00  INFO 17388 --- [           main] com.zaxxer.hikari.pool.HikariPool        : HikariPool-2 - Added connection conn0: url=jdbc:h2:mem:testdb user=SA
2025-05-05T14:41:32.605+03:00  INFO 17388 --- [           main] com.zaxxer.hikari.HikariDataSource       : HikariPool-2 - Start completed.
2025-05-05T14:41:32.669+03:00  INFO 17388 --- [           main] org.flywaydb.core.FlywayExecutor         : Database: jdbc:h2:mem:testdb (H2 2.3)
2025-05-05T14:41:32.676+03:00  WARN 17388 --- [           main] o.f.c.internal.database.base.Database    : Flyway upgrade recommended: H2 2.3.232 is newer than this version of Flyway and support has not been tested. The latest supported version of H2 is 2.2.220.
2025-05-05T14:41:32.693+03:00  INFO 17388 --- [           main] o.f.c.i.s.JdbcTableSchemaHistory         : Schema history table "PUBLIC"."flyway_schema_history" does not exist yet
2025-05-05T14:41:32.695+03:00  INFO 17388 --- [           main] o.f.core.internal.command.DbValidate     : Successfully validated 0 migrations (execution time 00:00.007s)
2025-05-05T14:41:32.695+03:00  WARN 17388 --- [           main] o.f.core.internal.command.DbValidate     : No migrations found. Are your locations set up correctly?
2025-05-05T14:41:32.707+03:00  INFO 17388 --- [           main] o.f.c.i.s.JdbcTableSchemaHistory         : Creating Schema History table "PUBLIC"."flyway_schema_history" ...
2025-05-05T14:41:32.773+03:00  INFO 17388 --- [           main] o.f.core.internal.command.DbMigrate      : Current version of schema "PUBLIC": << Empty Schema >>
2025-05-05T14:41:32.774+03:00  INFO 17388 --- [           main] o.f.core.internal.command.DbMigrate      : Schema "PUBLIC" is up to date. No migration necessary.
2025-05-05T14:41:32.831+03:00  INFO 17388 --- [           main] o.hibernate.jpa.internal.util.LogHelper  : HHH000204: Processing PersistenceUnitInfo [name: default]
2025-05-05T14:41:32.847+03:00  INFO 17388 --- [           main] o.h.c.internal.RegionFactoryInitiator    : HHH000026: Second-level cache disabled
2025-05-05T14:41:32.890+03:00  INFO 17388 --- [           main] o.s.o.j.p.SpringPersistenceUnitInfo      : No LoadTimeWeaver setup: ignoring JPA class transformer
2025-05-05T14:41:32.900+03:00  WARN 17388 --- [           main] org.hibernate.dialect.Dialect            : HHH000511: The 2.3.232 version for [org.hibernate.dialect.PostgreSQLDialect] is no longer supported, hence certain features may not work properly. The minimum supported version is 12.0.0. Check the community dialects project for available legacy versions.
2025-05-05T14:41:32.901+03:00  WARN 17388 --- [           main] org.hibernate.orm.deprecation            : HHH90000025: PostgreSQLDialect does not need to be specified explicitly using 'hibernate.dialect' (remove the property setting and it will be selected by default)
2025-05-05T14:41:32.902+03:00  INFO 17388 --- [           main] org.hibernate.orm.connections.pooling    : HHH10001005: Database info:
	Database JDBC URL [Connecting through datasource 'HikariDataSource (HikariPool-2)']
	Database driver: undefined/unknown
	Database version: 2.3.232
	Autocommit mode: undefined/unknown
	Isolation level: undefined/unknown
	Minimum pool size: undefined/unknown
	Maximum pool size: undefined/unknown
2025-05-05T14:41:33.160+03:00  INFO 17388 --- [           main] o.h.e.t.j.p.i.JtaPlatformInitiator       : HHH000489: No JTA platform available (set 'hibernate.transaction.jta.platform' to enable JTA platform integration)
2025-05-05T14:41:33.165+03:00 DEBUG 17388 --- [           main] org.hibernate.SQL                        : 
    set client_min_messages = WARNING
Hibernate: 
    set client_min_messages = WARNING
2025-05-05T14:41:33.171+03:00  WARN 17388 --- [           main] o.h.t.s.i.ExceptionHandlerLoggedImpl     : GenerationTarget encountered exception accepting command : Error executing DDL "
    set client_min_messages = WARNING" via JDBC [Синтаксическая ошибка в выражении SQL "\000d\000a    set [*]client_min_messages = WARNING"; ожидалось "@, AUTOCOMMIT, EXCLUSIVE, IGNORECASE, PASSWORD, SALT, MODE, DATABASE, COLLATION, CLUSTER, DATABASE_EVENT_LISTENER, ALLOW_LITERALS, DEFAULT_TABLE_TYPE, SCHEMA, CATALOG, SCHEMA_SEARCH_PATH, JAVA_OBJECT_SERIALIZER, IGNORE_CATALOGS, SESSION, TRANSACTION, TIME, NON_KEYWORDS, DEFAULT_NULL_ORDERING"
Syntax error in SQL statement "\000d\000a    set [*]client_min_messages = WARNING"; expected "@, AUTOCOMMIT, EXCLUSIVE, IGNORECASE, PASSWORD, SALT, MODE, DATABASE, COLLATION, CLUSTER, DATABASE_EVENT_LISTENER, ALLOW_LITERALS, DEFAULT_TABLE_TYPE, SCHEMA, CATALOG, SCHEMA_SEARCH_PATH, JAVA_OBJECT_SERIALIZER, IGNORE_CATALOGS, SESSION, TRANSACTION, TIME, NON_KEYWORDS, DEFAULT_NULL_ORDERING";]

org.hibernate.tool.schema.spi.CommandAcceptanceException: Error executing DDL "
    set client_min_messages = WARNING" via JDBC [Синтаксическая ошибка в выражении SQL "\000d\000a    set [*]client_min_messages = WARNING"; ожидалось "@, AUTOCOMMIT, EXCLUSIVE, IGNORECASE, PASSWORD, SALT, MODE, DATABASE, COLLATION, CLUSTER, DATABASE_EVENT_LISTENER, ALLOW_LITERALS, DEFAULT_TABLE_TYPE, SCHEMA, CATALOG, SCHEMA_SEARCH_PATH, JAVA_OBJECT_SERIALIZER, IGNORE_CATALOGS, SESSION, TRANSACTION, TIME, NON_KEYWORDS, DEFAULT_NULL_ORDERING"
Syntax error in SQL statement "\000d\000a    set [*]client_min_messages = WARNING"; expected "@, AUTOCOMMIT, EXCLUSIVE, IGNORECASE, PASSWORD, SALT, MODE, DATABASE, COLLATION, CLUSTER, DATABASE_EVENT_LISTENER, ALLOW_LITERALS, DEFAULT_TABLE_TYPE, SCHEMA, CATALOG, SCHEMA_SEARCH_PATH, JAVA_OBJECT_SERIALIZER, IGNORE_CATALOGS, SESSION, TRANSACTION, TIME, NON_KEYWORDS, DEFAULT_NULL_ORDERING";]
	at org.hibernate.tool.schema.internal.exec.GenerationTargetToDatabase.accept(GenerationTargetToDatabase.java:94) ~[hibernate-core-6.6.11.Final.jar:6.6.11.Final]
	at org.hibernate.tool.schema.internal.Helper.applySqlString(Helper.java:233) ~[hibernate-core-6.6.11.Final.jar:6.6.11.Final]
	at org.hibernate.tool.schema.internal.SchemaDropperImpl.dropFromMetadata(SchemaDropperImpl.java:213) ~[hibernate-core-6.6.11.Final.jar:6.6.11.Final]
	at org.hibernate.tool.schema.internal.SchemaDropperImpl.performDrop(SchemaDropperImpl.java:186) ~[hibernate-core-6.6.11.Final.jar:6.6.11.Final]
	at org.hibernate.tool.schema.internal.SchemaDropperImpl.doDrop(SchemaDropperImpl.java:156) ~[hibernate-core-6.6.11.Final.jar:6.6.11.Final]
	at org.hibernate.tool.schema.internal.SchemaDropperImpl.doDrop(SchemaDropperImpl.java:116) ~[hibernate-core-6.6.11.Final.jar:6.6.11.Final]
	at org.hibernate.tool.schema.spi.SchemaManagementToolCoordinator.performDatabaseAction(SchemaManagementToolCoordinator.java:238) ~[hibernate-core-6.6.11.Final.jar:6.6.11.Final]
	at org.hibernate.tool.schema.spi.SchemaManagementToolCoordinator.lambda$process$5(SchemaManagementToolCoordinator.java:144) ~[hibernate-core-6.6.11.Final.jar:6.6.11.Final]
	at java.base/java.util.HashMap.forEach(HashMap.java:1421) ~[na:na]
	at org.hibernate.tool.schema.spi.SchemaManagementToolCoordinator.process(SchemaManagementToolCoordinator.java:141) ~[hibernate-core-6.6.11.Final.jar:6.6.11.Final]
	at org.hibernate.boot.internal.SessionFactoryObserverForSchemaExport.sessionFactoryCreated(SessionFactoryObserverForSchemaExport.java:37) ~[hibernate-core-6.6.11.Final.jar:6.6.11.Final]
	at org.hibernate.internal.SessionFactoryObserverChain.sessionFactoryCreated(SessionFactoryObserverChain.java:35) ~[hibernate-core-6.6.11.Final.jar:6.6.11.Final]
	at org.hibernate.internal.SessionFactoryImpl.<init>(SessionFactoryImpl.java:324) ~[hibernate-core-6.6.11.Final.jar:6.6.11.Final]
	at org.hibernate.boot.internal.SessionFactoryBuilderImpl.build(SessionFactoryBuilderImpl.java:463) ~[hibernate-core-6.6.11.Final.jar:6.6.11.Final]
	at org.hibernate.jpa.boot.internal.EntityManagerFactoryBuilderImpl.build(EntityManagerFactoryBuilderImpl.java:1517) ~[hibernate-core-6.6.11.Final.jar:6.6.11.Final]
	at org.springframework.orm.jpa.vendor.SpringHibernateJpaPersistenceProvider.createContainerEntityManagerFactory(SpringHibernateJpaPersistenceProvider.java:66) ~[spring-orm-6.2.5.jar:6.2.5]
	at org.springframework.orm.jpa.LocalContainerEntityManagerFactoryBean.createNativeEntityManagerFactory(LocalContainerEntityManagerFactoryBean.java:390) ~[spring-orm-6.2.5.jar:6.2.5]
	at org.springframework.orm.jpa.AbstractEntityManagerFactoryBean.buildNativeEntityManagerFactory(AbstractEntityManagerFactoryBean.java:419) ~[spring-orm-6.2.5.jar:6.2.5]
	at org.springframework.orm.jpa.AbstractEntityManagerFactoryBean.afterPropertiesSet(AbstractEntityManagerFactoryBean.java:400) ~[spring-orm-6.2.5.jar:6.2.5]
	at org.springframework.orm.jpa.LocalContainerEntityManagerFactoryBean.afterPropertiesSet(LocalContainerEntityManagerFactoryBean.java:366) ~[spring-orm-6.2.5.jar:6.2.5]
	at org.springframework.beans.factory.support.AbstractAutowireCapableBeanFactory.invokeInitMethods(AbstractAutowireCapableBeanFactory.java:1859) ~[spring-beans-6.2.5.jar:6.2.5]
	at org.springframework.beans.factory.support.AbstractAutowireCapableBeanFactory.initializeBean(AbstractAutowireCapableBeanFactory.java:1808) ~[spring-beans-6.2.5.jar:6.2.5]
	at org.springframework.beans.factory.support.AbstractAutowireCapableBeanFactory.doCreateBean(AbstractAutowireCapableBeanFactory.java:601) ~[spring-beans-6.2.5.jar:6.2.5]
	at org.springframework.beans.factory.support.AbstractAutowireCapableBeanFactory.createBean(AbstractAutowireCapableBeanFactory.java:523) ~[spring-beans-6.2.5.jar:6.2.5]
	at org.springframework.beans.factory.support.AbstractBeanFactory.lambda$doGetBean$0(AbstractBeanFactory.java:339) ~[spring-beans-6.2.5.jar:6.2.5]
	at org.springframework.beans.factory.support.DefaultSingletonBeanRegistry.getSingleton(DefaultSingletonBeanRegistry.java:347) ~[spring-beans-6.2.5.jar:6.2.5]
	at org.springframework.beans.factory.support.AbstractBeanFactory.doGetBean(AbstractBeanFactory.java:337) ~[spring-beans-6.2.5.jar:6.2.5]
	at org.springframework.beans.factory.support.AbstractBeanFactory.getBean(AbstractBeanFactory.java:207) ~[spring-beans-6.2.5.jar:6.2.5]
	at org.springframework.context.support.AbstractApplicationContext.finishBeanFactoryInitialization(AbstractApplicationContext.java:970) ~[spring-context-6.2.5.jar:6.2.5]
	at org.springframework.context.support.AbstractApplicationContext.refresh(AbstractApplicationContext.java:627) ~[spring-context-6.2.5.jar:6.2.5]
	at org.springframework.boot.SpringApplication.refresh(SpringApplication.java:752) ~[spring-boot-3.4.4.jar:3.4.4]
	at org.springframework.boot.SpringApplication.refreshContext(SpringApplication.java:439) ~[spring-boot-3.4.4.jar:3.4.4]
	at org.springframework.boot.SpringApplication.run(SpringApplication.java:318) ~[spring-boot-3.4.4.jar:3.4.4]
	at org.springframework.boot.test.context.SpringBootContextLoader.lambda$loadContext$3(SpringBootContextLoader.java:144) ~[spring-boot-test-3.4.4.jar:3.4.4]
	at org.springframework.util.function.ThrowingSupplier.get(ThrowingSupplier.java:58) ~[spring-core-6.2.5.jar:6.2.5]
	at org.springframework.util.function.ThrowingSupplier.get(ThrowingSupplier.java:46) ~[spring-core-6.2.5.jar:6.2.5]
	at org.springframework.boot.SpringApplication.withHook(SpringApplication.java:1461) ~[spring-boot-3.4.4.jar:3.4.4]
	at org.springframework.boot.test.context.SpringBootContextLoader$ContextLoaderHook.run(SpringBootContextLoader.java:563) ~[spring-boot-test-3.4.4.jar:3.4.4]
	at org.springframework.boot.test.context.SpringBootContextLoader.loadContext(SpringBootContextLoader.java:144) ~[spring-boot-test-3.4.4.jar:3.4.4]
	at org.springframework.boot.test.context.SpringBootContextLoader.loadContext(SpringBootContextLoader.java:110) ~[spring-boot-test-3.4.4.jar:3.4.4]
	at org.springframework.test.context.cache.DefaultCacheAwareContextLoaderDelegate.loadContextInternal(DefaultCacheAwareContextLoaderDelegate.java:225) ~[spring-test-6.2.5.jar:6.2.5]
	at org.springframework.test.context.cache.DefaultCacheAwareContextLoaderDelegate.loadContext(DefaultCacheAwareContextLoaderDelegate.java:152) ~[spring-test-6.2.5.jar:6.2.5]
	at org.springframework.test.context.support.DefaultTestContext.getApplicationContext(DefaultTestContext.java:130) ~[spring-test-6.2.5.jar:6.2.5]
	at org.springframework.test.context.web.ServletTestExecutionListener.setUpRequestContextIfNecessary(ServletTestExecutionListener.java:200) ~[spring-test-6.2.5.jar:6.2.5]
	at org.springframework.test.context.web.ServletTestExecutionListener.prepareTestInstance(ServletTestExecutionListener.java:139) ~[spring-test-6.2.5.jar:6.2.5]
	at org.springframework.test.context.TestContextManager.prepareTestInstance(TestContextManager.java:260) ~[spring-test-6.2.5.jar:6.2.5]
	at org.springframework.test.context.junit.jupiter.SpringExtension.postProcessTestInstance(SpringExtension.java:160) ~[spring-test-6.2.5.jar:6.2.5]
	at org.junit.jupiter.engine.descriptor.ClassBasedTestDescriptor.lambda$invokeTestInstancePostProcessors$11(ClassBasedTestDescriptor.java:378) ~[junit-jupiter-engine-5.11.4.jar:5.11.4]
	at org.junit.jupiter.engine.descriptor.ClassBasedTestDescriptor.executeAndMaskThrowable(ClassBasedTestDescriptor.java:383) ~[junit-jupiter-engine-5.11.4.jar:5.11.4]
	at org.junit.jupiter.engine.descriptor.ClassBasedTestDescriptor.lambda$invokeTestInstancePostProcessors$12(ClassBasedTestDescriptor.java:378) ~[junit-jupiter-engine-5.11.4.jar:5.11.4]
	at java.base/java.util.stream.ForEachOps$ForEachOp$OfRef.accept(ForEachOps.java:183) ~[na:na]
	at java.base/java.util.stream.ReferencePipeline$3$1.accept(ReferencePipeline.java:197) ~[na:na]
	at java.base/java.util.stream.ReferencePipeline$2$1.accept(ReferencePipeline.java:179) ~[na:na]
	at java.base/java.util.stream.ReferencePipeline$3$1.accept(ReferencePipeline.java:197) ~[na:na]
	at java.base/java.util.ArrayList$ArrayListSpliterator.forEachRemaining(ArrayList.java:1625) ~[na:na]
	at java.base/java.util.stream.AbstractPipeline.copyInto(AbstractPipeline.java:509) ~[na:na]
	at java.base/java.util.stream.AbstractPipeline.wrapAndCopyInto(AbstractPipeline.java:499) ~[na:na]
	at java.base/java.util.stream.ForEachOps$ForEachOp.evaluateSequential(ForEachOps.java:150) ~[na:na]
	at java.base/java.util.stream.ForEachOps$ForEachOp$OfRef.evaluateSequential(ForEachOps.java:173) ~[na:na]
	at java.base/java.util.stream.AbstractPipeline.evaluate(AbstractPipeline.java:234) ~[na:na]
	at java.base/java.util.stream.ReferencePipeline.forEach(ReferencePipeline.java:596) ~[na:na]
	at org.junit.jupiter.engine.descriptor.ClassBasedTestDescriptor.invokeTestInstancePostProcessors(ClassBasedTestDescriptor.java:377) ~[junit-jupiter-engine-5.11.4.jar:5.11.4]
	at org.junit.jupiter.engine.descriptor.ClassBasedTestDescriptor.lambda$instantiateAndPostProcessTestInstance$7(ClassBasedTestDescriptor.java:290) ~[junit-jupiter-engine-5.11.4.jar:5.11.4]
	at org.junit.platform.engine.support.hierarchical.ThrowableCollector.execute(ThrowableCollector.java:73) ~[junit-platform-engine-1.11.4.jar:1.11.4]
	at org.junit.jupiter.engine.descriptor.ClassBasedTestDescriptor.instantiateAndPostProcessTestInstance(ClassBasedTestDescriptor.java:289) ~[junit-jupiter-engine-5.11.4.jar:5.11.4]
	at org.junit.jupiter.engine.descriptor.ClassBasedTestDescriptor.lambda$testInstancesProvider$5(ClassBasedTestDescriptor.java:279) ~[junit-jupiter-engine-5.11.4.jar:5.11.4]
	at java.base/java.util.Optional.orElseGet(Optional.java:364) ~[na:na]
	at org.junit.jupiter.engine.descriptor.ClassBasedTestDescriptor.lambda$testInstancesProvider$6(ClassBasedTestDescriptor.java:278) ~[junit-jupiter-engine-5.11.4.jar:5.11.4]
	at org.junit.jupiter.engine.execution.TestInstancesProvider.getTestInstances(TestInstancesProvider.java:31) ~[junit-jupiter-engine-5.11.4.jar:5.11.4]
	at org.junit.jupiter.engine.descriptor.TestMethodTestDescriptor.lambda$prepare$1(TestMethodTestDescriptor.java:105) ~[junit-jupiter-engine-5.11.4.jar:5.11.4]
	at org.junit.platform.engine.support.hierarchical.ThrowableCollector.execute(ThrowableCollector.java:73) ~[junit-platform-engine-1.11.4.jar:1.11.4]
	at org.junit.jupiter.engine.descriptor.TestMethodTestDescriptor.prepare(TestMethodTestDescriptor.java:104) ~[junit-jupiter-engine-5.11.4.jar:5.11.4]
	at org.junit.jupiter.engine.descriptor.TestMethodTestDescriptor.prepare(TestMethodTestDescriptor.java:68) ~[junit-jupiter-engine-5.11.4.jar:5.11.4]
	at org.junit.platform.engine.support.hierarchical.NodeTestTask.lambda$prepare$2(NodeTestTask.java:128) ~[junit-platform-engine-1.11.4.jar:1.11.4]
	at org.junit.platform.engine.support.hierarchical.ThrowableCollector.execute(ThrowableCollector.java:73) ~[junit-platform-engine-1.11.4.jar:1.11.4]
	at org.junit.platform.engine.support.hierarchical.NodeTestTask.prepare(NodeTestTask.java:128) ~[junit-platform-engine-1.11.4.jar:1.11.4]
	at org.junit.platform.engine.support.hierarchical.NodeTestTask.execute(NodeTestTask.java:95) ~[junit-platform-engine-1.11.4.jar:1.11.4]
	at org.junit.platform.engine.support.hierarchical.SameThreadHierarchicalTestExecutorService.submit(SameThreadHierarchicalTestExecutorService.java:35) ~[junit-platform-engine-1.11.4.jar:1.11.4]
	at org.junit.platform.engine.support.hierarchical.NodeTestTask$DefaultDynamicTestExecutor.execute(NodeTestTask.java:231) ~[junit-platform-engine-1.11.4.jar:1.11.4]
	at org.junit.platform.engine.support.hierarchical.NodeTestTask$DefaultDynamicTestExecutor.execute(NodeTestTask.java:209) ~[junit-platform-engine-1.11.4.jar:1.11.4]
	at org.junit.jupiter.engine.descriptor.TestTemplateTestDescriptor.execute(TestTemplateTestDescriptor.java:141) ~[junit-jupiter-engine-5.11.4.jar:5.11.4]
	at org.junit.jupiter.engine.descriptor.TestTemplateTestDescriptor.lambda$execute$3(TestTemplateTestDescriptor.java:109) ~[junit-jupiter-engine-5.11.4.jar:5.11.4]
	at java.base/java.util.stream.ForEachOps$ForEachOp$OfRef.accept(ForEachOps.java:183) ~[na:na]
	at java.base/java.util.stream.ReferencePipeline$3$1.accept(ReferencePipeline.java:197) ~[na:na]
	at java.base/java.util.stream.ReferencePipeline$2$1.accept(ReferencePipeline.java:179) ~[na:na]
	at java.base/java.util.stream.ReferencePipeline$3$1.accept(ReferencePipeline.java:197) ~[na:na]
	at java.base/java.util.stream.ForEachOps$ForEachOp$OfRef.accept(ForEachOps.java:183) ~[na:na]
	at java.base/java.util.stream.ReferencePipeline$3$1.accept(ReferencePipeline.java:197) ~[na:na]
	at java.base/java.util.stream.ForEachOps$ForEachOp$OfRef.accept(ForEachOps.java:183) ~[na:na]
	at java.base/java.util.stream.ForEachOps$ForEachOp$OfRef.accept(ForEachOps.java:183) ~[na:na]
	at java.base/java.util.stream.ReferencePipeline$3$1.accept(ReferencePipeline.java:197) ~[na:na]
	at java.base/java.util.Spliterators$ArraySpliterator.forEachRemaining(Spliterators.java:992) ~[na:na]
	at java.base/java.util.stream.ReferencePipeline$Head.forEach(ReferencePipeline.java:762) ~[na:na]
	at java.base/java.util.stream.ReferencePipeline$7$1.accept(ReferencePipeline.java:276) ~[na:na]
	at java.base/java.util.stream.ReferencePipeline$3$1.accept(ReferencePipeline.java:197) ~[na:na]
	at java.base/java.util.stream.ReferencePipeline$3$1.accept(ReferencePipeline.java:197) ~[na:na]
	at java.base/java.util.stream.ReferencePipeline$3$1.accept(ReferencePipeline.java:197) ~[na:na]
	at java.base/java.util.Spliterators$ArraySpliterator.forEachRemaining(Spliterators.java:992) ~[na:na]
	at java.base/java.util.stream.AbstractPipeline.copyInto(AbstractPipeline.java:509) ~[na:na]
	at java.base/java.util.stream.AbstractPipeline.wrapAndCopyInto(AbstractPipeline.java:499) ~[na:na]
	at java.base/java.util.stream.ForEachOps$ForEachOp.evaluateSequential(ForEachOps.java:150) ~[na:na]
	at java.base/java.util.stream.ForEachOps$ForEachOp$OfRef.evaluateSequential(ForEachOps.java:173) ~[na:na]
	at java.base/java.util.stream.AbstractPipeline.evaluate(AbstractPipeline.java:234) ~[na:na]
	at java.base/java.util.stream.ReferencePipeline.forEach(ReferencePipeline.java:596) ~[na:na]
	at java.base/java.util.stream.ReferencePipeline$7$1.accept(ReferencePipeline.java:276) ~[na:na]
	at java.base/java.util.ArrayList$ArrayListSpliterator.forEachRemaining(ArrayList.java:1625) ~[na:na]
	at java.base/java.util.stream.AbstractPipeline.copyInto(AbstractPipeline.java:509) ~[na:na]
	at java.base/java.util.stream.AbstractPipeline.wrapAndCopyInto(AbstractPipeline.java:499) ~[na:na]
	at java.base/java.util.stream.ForEachOps$ForEachOp.evaluateSequential(ForEachOps.java:150) ~[na:na]
	at java.base/java.util.stream.ForEachOps$ForEachOp$OfRef.evaluateSequential(ForEachOps.java:173) ~[na:na]
	at java.base/java.util.stream.AbstractPipeline.evaluate(AbstractPipeline.java:234) ~[na:na]
	at java.base/java.util.stream.ReferencePipeline.forEach(ReferencePipeline.java:596) ~[na:na]
	at java.base/java.util.stream.ReferencePipeline$7$1.accept(ReferencePipeline.java:276) ~[na:na]
	at java.base/java.util.stream.ReferencePipeline$3$1.accept(ReferencePipeline.java:197) ~[na:na]
	at java.base/java.util.stream.ReferencePipeline$3$1.accept(ReferencePipeline.java:197) ~[na:na]
	at java.base/java.util.stream.ReferencePipeline$3$1.accept(ReferencePipeline.java:197) ~[na:na]
	at java.base/java.util.ArrayList$ArrayListSpliterator.forEachRemaining(ArrayList.java:1625) ~[na:na]
	at java.base/java.util.stream.AbstractPipeline.copyInto(AbstractPipeline.java:509) ~[na:na]
	at java.base/java.util.stream.AbstractPipeline.wrapAndCopyInto(AbstractPipeline.java:499) ~[na:na]
	at java.base/java.util.stream.ForEachOps$ForEachOp.evaluateSequential(ForEachOps.java:150) ~[na:na]
	at java.base/java.util.stream.ForEachOps$ForEachOp$OfRef.evaluateSequential(ForEachOps.java:173) ~[na:na]
	at java.base/java.util.stream.AbstractPipeline.evaluate(AbstractPipeline.java:234) ~[na:na]
	at java.base/java.util.stream.ReferencePipeline.forEach(ReferencePipeline.java:596) ~[na:na]
	at java.base/java.util.stream.ReferencePipeline$7$1.accept(ReferencePipeline.java:276) ~[na:na]
	at java.base/java.util.ArrayList$ArrayListSpliterator.forEachRemaining(ArrayList.java:1625) ~[na:na]
	at java.base/java.util.stream.AbstractPipeline.copyInto(AbstractPipeline.java:509) ~[na:na]
	at java.base/java.util.stream.AbstractPipeline.wrapAndCopyInto(AbstractPipeline.java:499) ~[na:na]
	at java.base/java.util.stream.ForEachOps$ForEachOp.evaluateSequential(ForEachOps.java:150) ~[na:na]
	at java.base/java.util.stream.ForEachOps$ForEachOp$OfRef.evaluateSequential(ForEachOps.java:173) ~[na:na]
	at java.base/java.util.stream.AbstractPipeline.evaluate(AbstractPipeline.java:234) ~[na:na]
	at java.base/java.util.stream.ReferencePipeline.forEach(ReferencePipeline.java:596) ~[na:na]
	at org.junit.jupiter.engine.descriptor.TestTemplateTestDescriptor.execute(TestTemplateTestDescriptor.java:109) ~[junit-jupiter-engine-5.11.4.jar:5.11.4]
	at org.junit.jupiter.engine.descriptor.TestTemplateTestDescriptor.execute(TestTemplateTestDescriptor.java:43) ~[junit-jupiter-engine-5.11.4.jar:5.11.4]
	at org.junit.platform.engine.support.hierarchical.NodeTestTask.lambda$executeRecursively$6(NodeTestTask.java:156) ~[junit-platform-engine-1.11.4.jar:1.11.4]
	at org.junit.platform.engine.support.hierarchical.ThrowableCollector.execute(ThrowableCollector.java:73) ~[junit-platform-engine-1.11.4.jar:1.11.4]
	at org.junit.platform.engine.support.hierarchical.NodeTestTask.lambda$executeRecursively$8(NodeTestTask.java:146) ~[junit-platform-engine-1.11.4.jar:1.11.4]
	at org.junit.platform.engine.support.hierarchical.Node.around(Node.java:137) ~[junit-platform-engine-1.11.4.jar:1.11.4]
	at org.junit.platform.engine.support.hierarchical.NodeTestTask.lambda$executeRecursively$9(NodeTestTask.java:144) ~[junit-platform-engine-1.11.4.jar:1.11.4]
	at org.junit.platform.engine.support.hierarchical.ThrowableCollector.execute(ThrowableCollector.java:73) ~[junit-platform-engine-1.11.4.jar:1.11.4]
	at org.junit.platform.engine.support.hierarchical.NodeTestTask.executeRecursively(NodeTestTask.java:143) ~[junit-platform-engine-1.11.4.jar:1.11.4]
	at org.junit.platform.engine.support.hierarchical.NodeTestTask.execute(NodeTestTask.java:100) ~[junit-platform-engine-1.11.4.jar:1.11.4]
	at java.base/java.util.ArrayList.forEach(ArrayList.java:1511) ~[na:na]
	at org.junit.platform.engine.support.hierarchical.SameThreadHierarchicalTestExecutorService.invokeAll(SameThreadHierarchicalTestExecutorService.java:41) ~[junit-platform-engine-1.11.4.jar:1.11.4]
	at org.junit.platform.engine.support.hierarchical.NodeTestTask.lambda$executeRecursively$6(NodeTestTask.java:160) ~[junit-platform-engine-1.11.4.jar:1.11.4]
	at org.junit.platform.engine.support.hierarchical.ThrowableCollector.execute(ThrowableCollector.java:73) ~[junit-platform-engine-1.11.4.jar:1.11.4]
	at org.junit.platform.engine.support.hierarchical.NodeTestTask.lambda$executeRecursively$8(NodeTestTask.java:146) ~[junit-platform-engine-1.11.4.jar:1.11.4]
	at org.junit.platform.engine.support.hierarchical.Node.around(Node.java:137) ~[junit-platform-engine-1.11.4.jar:1.11.4]
	at org.junit.platform.engine.support.hierarchical.NodeTestTask.lambda$executeRecursively$9(NodeTestTask.java:144) ~[junit-platform-engine-1.11.4.jar:1.11.4]
	at org.junit.platform.engine.support.hierarchical.ThrowableCollector.execute(ThrowableCollector.java:73) ~[junit-platform-engine-1.11.4.jar:1.11.4]
	at org.junit.platform.engine.support.hierarchical.NodeTestTask.executeRecursively(NodeTestTask.java:143) ~[junit-platform-engine-1.11.4.jar:1.11.4]
	at org.junit.platform.engine.support.hierarchical.NodeTestTask.execute(NodeTestTask.java:100) ~[junit-platform-engine-1.11.4.jar:1.11.4]
	at java.base/java.util.ArrayList.forEach(ArrayList.java:1511) ~[na:na]
	at org.junit.platform.engine.support.hierarchical.SameThreadHierarchicalTestExecutorService.invokeAll(SameThreadHierarchicalTestExecutorService.java:41) ~[junit-platform-engine-1.11.4.jar:1.11.4]
	at org.junit.platform.engine.support.hierarchical.NodeTestTask.lambda$executeRecursively$6(NodeTestTask.java:160) ~[junit-platform-engine-1.11.4.jar:1.11.4]
	at org.junit.platform.engine.support.hierarchical.ThrowableCollector.execute(ThrowableCollector.java:73) ~[junit-platform-engine-1.11.4.jar:1.11.4]
	at org.junit.platform.engine.support.hierarchical.NodeTestTask.lambda$executeRecursively$8(NodeTestTask.java:146) ~[junit-platform-engine-1.11.4.jar:1.11.4]
	at org.junit.platform.engine.support.hierarchical.Node.around(Node.java:137) ~[junit-platform-engine-1.11.4.jar:1.11.4]
	at org.junit.platform.engine.support.hierarchical.NodeTestTask.lambda$executeRecursively$9(NodeTestTask.java:144) ~[junit-platform-engine-1.11.4.jar:1.11.4]
	at org.junit.platform.engine.support.hierarchical.ThrowableCollector.execute(ThrowableCollector.java:73) ~[junit-platform-engine-1.11.4.jar:1.11.4]
	at org.junit.platform.engine.support.hierarchical.NodeTestTask.executeRecursively(NodeTestTask.java:143) ~[junit-platform-engine-1.11.4.jar:1.11.4]
	at org.junit.platform.engine.support.hierarchical.NodeTestTask.execute(NodeTestTask.java:100) ~[junit-platform-engine-1.11.4.jar:1.11.4]
	at org.junit.platform.engine.support.hierarchical.SameThreadHierarchicalTestExecutorService.submit(SameThreadHierarchicalTestExecutorService.java:35) ~[junit-platform-engine-1.11.4.jar:1.11.4]
	at org.junit.platform.engine.support.hierarchical.HierarchicalTestExecutor.execute(HierarchicalTestExecutor.java:57) ~[junit-platform-engine-1.11.4.jar:1.11.4]
	at org.junit.platform.engine.support.hierarchical.HierarchicalTestEngine.execute(HierarchicalTestEngine.java:54) ~[junit-platform-engine-1.11.4.jar:1.11.4]
	at org.junit.platform.launcher.core.EngineExecutionOrchestrator.execute(EngineExecutionOrchestrator.java:198) ~[junit-platform-launcher-1.11.4.jar:1.11.4]
	at org.junit.platform.launcher.core.EngineExecutionOrchestrator.execute(EngineExecutionOrchestrator.java:169) ~[junit-platform-launcher-1.11.4.jar:1.11.4]
	at org.junit.platform.launcher.core.EngineExecutionOrchestrator.execute(EngineExecutionOrchestrator.java:93) ~[junit-platform-launcher-1.11.4.jar:1.11.4]
	at org.junit.platform.launcher.core.EngineExecutionOrchestrator.lambda$execute$0(EngineExecutionOrchestrator.java:58) ~[junit-platform-launcher-1.11.4.jar:1.11.4]
	at org.junit.platform.launcher.core.EngineExecutionOrchestrator.withInterceptedStreams(EngineExecutionOrchestrator.java:141) ~[junit-platform-launcher-1.11.4.jar:1.11.4]
	at org.junit.platform.launcher.core.EngineExecutionOrchestrator.execute(EngineExecutionOrchestrator.java:57) ~[junit-platform-launcher-1.11.4.jar:1.11.4]
	at org.junit.platform.launcher.core.DefaultLauncher.execute(DefaultLauncher.java:103) ~[junit-platform-launcher-1.11.4.jar:1.11.4]
	at org.junit.platform.launcher.core.DefaultLauncher.execute(DefaultLauncher.java:85) ~[junit-platform-launcher-1.11.4.jar:1.11.4]
	at org.junit.platform.launcher.core.DelegatingLauncher.execute(DelegatingLauncher.java:47) ~[junit-platform-launcher-1.11.4.jar:1.11.4]
	at org.apache.maven.surefire.junitplatform.LazyLauncher.execute(LazyLauncher.java:56) ~[surefire-junit-platform-3.5.0.jar:3.5.0]
	at org.apache.maven.surefire.junitplatform.JUnitPlatformProvider.execute(JUnitPlatformProvider.java:184) ~[surefire-junit-platform-3.5.0.jar:3.5.0]
	at org.apache.maven.surefire.junitplatform.JUnitPlatformProvider.invokeAllTests(JUnitPlatformProvider.java:148) ~[surefire-junit-platform-3.5.0.jar:3.5.0]
	at org.apache.maven.surefire.junitplatform.JUnitPlatformProvider.invoke(JUnitPlatformProvider.java:122) ~[surefire-junit-platform-3.5.0.jar:3.5.0]
	at org.apache.maven.surefire.booter.ForkedBooter.runSuitesInProcess(ForkedBooter.java:385) ~[surefire-booter-3.5.0.jar:3.5.0]
	at org.apache.maven.surefire.booter.ForkedBooter.execute(ForkedBooter.java:162) ~[surefire-booter-3.5.0.jar:3.5.0]
	at org.apache.maven.surefire.booter.ForkedBooter.run(ForkedBooter.java:507) ~[surefire-booter-3.5.0.jar:3.5.0]
	at org.apache.maven.surefire.booter.ForkedBooter.main(ForkedBooter.java:495) ~[surefire-booter-3.5.0.jar:3.5.0]
Caused by: org.h2.jdbc.JdbcSQLSyntaxErrorException: Синтаксическая ошибка в выражении SQL "\000d\000a    set [*]client_min_messages = WARNING"; ожидалось "@, AUTOCOMMIT, EXCLUSIVE, IGNORECASE, PASSWORD, SALT, MODE, DATABASE, COLLATION, CLUSTER, DATABASE_EVENT_LISTENER, ALLOW_LITERALS, DEFAULT_TABLE_TYPE, SCHEMA, CATALOG, SCHEMA_SEARCH_PATH, JAVA_OBJECT_SERIALIZER, IGNORE_CATALOGS, SESSION, TRANSACTION, TIME, NON_KEYWORDS, DEFAULT_NULL_ORDERING"
Syntax error in SQL statement "\000d\000a    set [*]client_min_messages = WARNING"; expected "@, AUTOCOMMIT, EXCLUSIVE, IGNORECASE, PASSWORD, SALT, MODE, DATABASE, COLLATION, CLUSTER, DATABASE_EVENT_LISTENER, ALLOW_LITERALS, DEFAULT_TABLE_TYPE, SCHEMA, CATALOG, SCHEMA_SEARCH_PATH, JAVA_OBJECT_SERIALIZER, IGNORE_CATALOGS, SESSION, TRANSACTION, TIME, NON_KEYWORDS, DEFAULT_NULL_ORDERING"; SQL statement:

    set client_min_messages = WARNING [42001-232]
	at org.h2.message.DbException.getJdbcSQLException(DbException.java:514) ~[h2-2.3.232.jar:2.3.232]
	at org.h2.message.DbException.getJdbcSQLException(DbException.java:489) ~[h2-2.3.232.jar:2.3.232]
	at org.h2.message.DbException.getSyntaxError(DbException.java:261) ~[h2-2.3.232.jar:2.3.232]
	at org.h2.command.ParserBase.getSyntaxError(ParserBase.java:762) ~[h2-2.3.232.jar:2.3.232]
	at org.h2.command.Parser.parseSet(Parser.java:7592) ~[h2-2.3.232.jar:2.3.232]
	at org.h2.command.Parser.parsePrepared(Parser.java:614) ~[h2-2.3.232.jar:2.3.232]
	at org.h2.command.Parser.parse(Parser.java:581) ~[h2-2.3.232.jar:2.3.232]
	at org.h2.command.Parser.parse(Parser.java:561) ~[h2-2.3.232.jar:2.3.232]
	at org.h2.command.Parser.prepareCommand(Parser.java:484) ~[h2-2.3.232.jar:2.3.232]
	at org.h2.engine.SessionLocal.prepareLocal(SessionLocal.java:645) ~[h2-2.3.232.jar:2.3.232]
	at org.h2.engine.SessionLocal.prepareCommand(SessionLocal.java:561) ~[h2-2.3.232.jar:2.3.232]
	at org.h2.jdbc.JdbcConnection.prepareCommand(JdbcConnection.java:1164) ~[h2-2.3.232.jar:2.3.232]
	at org.h2.jdbc.JdbcStatement.executeInternal(JdbcStatement.java:245) ~[h2-2.3.232.jar:2.3.232]
	at org.h2.jdbc.JdbcStatement.execute(JdbcStatement.java:231) ~[h2-2.3.232.jar:2.3.232]
	at com.zaxxer.hikari.pool.ProxyStatement.execute(ProxyStatement.java:94) ~[HikariCP-5.1.0.jar:na]
	at com.zaxxer.hikari.pool.HikariProxyStatement.execute(HikariProxyStatement.java) ~[HikariCP-5.1.0.jar:na]
	at org.hibernate.tool.schema.internal.exec.GenerationTargetToDatabase.accept(GenerationTargetToDatabase.java:80) ~[hibernate-core-6.6.11.Final.jar:6.6.11.Final]
	... 180 common frames omitted

2025-05-05T14:41:33.197+03:00 DEBUG 17388 --- [           main] org.hibernate.SQL                        : 
    alter table if exists budgets 
       drop constraint if exists FKn7qib00712y8dwelmqfwis6ka
Hibernate: 
    alter table if exists budgets 
       drop constraint if exists FKn7qib00712y8dwelmqfwis6ka
2025-05-05T14:41:33.199+03:00 DEBUG 17388 --- [           main] org.hibernate.SQL                        : 
    alter table if exists budgets 
       drop constraint if exists FKln0tm5tgf3f9q3sp9sa5m8m7b
Hibernate: 
    alter table if exists budgets 
       drop constraint if exists FKln0tm5tgf3f9q3sp9sa5m8m7b
2025-05-05T14:41:33.199+03:00 DEBUG 17388 --- [           main] org.hibernate.SQL                        : 
    alter table if exists notification_entity 
       drop constraint if exists FKfoa2euf4wdwqrvju7kmv3vsv7
Hibernate: 
    alter table if exists notification_entity 
       drop constraint if exists FKfoa2euf4wdwqrvju7kmv3vsv7
2025-05-05T14:41:33.200+03:00 DEBUG 17388 --- [           main] org.hibernate.SQL                        : 
    alter table if exists transactions 
       drop constraint if exists FKsqqi7sneo04kast0o138h19mv
Hibernate: 
    alter table if exists transactions 
       drop constraint if exists FKsqqi7sneo04kast0o138h19mv
2025-05-05T14:41:33.200+03:00 DEBUG 17388 --- [           main] org.hibernate.SQL                        : 
    alter table if exists transactions 
       drop constraint if exists FKqwv7rmvc8va8rep7piikrojds
Hibernate: 
    alter table if exists transactions 
       drop constraint if exists FKqwv7rmvc8va8rep7piikrojds
2025-05-05T14:41:33.201+03:00 DEBUG 17388 --- [           main] org.hibernate.SQL                        : 
    alter table if exists users_categories 
       drop constraint if exists FK5ctr8c7vf7jr9s5hq2fc081nx
Hibernate: 
    alter table if exists users_categories 
       drop constraint if exists FK5ctr8c7vf7jr9s5hq2fc081nx
2025-05-05T14:41:33.201+03:00 DEBUG 17388 --- [           main] org.hibernate.SQL                        : 
    alter table if exists users_categories 
       drop constraint if exists FK9nit8oweucmsyrcj5syixrkfw
Hibernate: 
    alter table if exists users_categories 
       drop constraint if exists FK9nit8oweucmsyrcj5syixrkfw
2025-05-05T14:41:33.201+03:00 DEBUG 17388 --- [           main] org.hibernate.SQL                        : 
    alter table if exists users_roles 
       drop constraint if exists FKj6m8fwv7oqv74fcehir1a9ffy
Hibernate: 
    alter table if exists users_roles 
       drop constraint if exists FKj6m8fwv7oqv74fcehir1a9ffy
2025-05-05T14:41:33.202+03:00 DEBUG 17388 --- [           main] org.hibernate.SQL                        : 
    alter table if exists users_roles 
       drop constraint if exists FK2o0jvgh89lemvvo17cbqvdxaa
Hibernate: 
    alter table if exists users_roles 
       drop constraint if exists FK2o0jvgh89lemvvo17cbqvdxaa
2025-05-05T14:41:33.202+03:00 DEBUG 17388 --- [           main] org.hibernate.SQL                        : 
    drop table if exists budgets cascade
Hibernate: 
    drop table if exists budgets cascade
2025-05-05T14:41:33.204+03:00 DEBUG 17388 --- [           main] org.hibernate.SQL                        : 
    drop table if exists categories cascade
Hibernate: 
    drop table if exists categories cascade
2025-05-05T14:41:33.205+03:00 DEBUG 17388 --- [           main] org.hibernate.SQL                        : 
    drop table if exists notification_entity cascade
Hibernate: 
    drop table if exists notification_entity cascade
2025-05-05T14:41:33.205+03:00 DEBUG 17388 --- [           main] org.hibernate.SQL                        : 
    drop table if exists roles cascade
Hibernate: 
    drop table if exists roles cascade
2025-05-05T14:41:33.206+03:00 DEBUG 17388 --- [           main] org.hibernate.SQL                        : 
    drop table if exists transactions cascade
Hibernate: 
    drop table if exists transactions cascade
2025-05-05T14:41:33.206+03:00 DEBUG 17388 --- [           main] org.hibernate.SQL                        : 
    drop table if exists users cascade
Hibernate: 
    drop table if exists users cascade
2025-05-05T14:41:33.207+03:00 DEBUG 17388 --- [           main] org.hibernate.SQL                        : 
    drop table if exists users_categories cascade
Hibernate: 
    drop table if exists users_categories cascade
2025-05-05T14:41:33.207+03:00 DEBUG 17388 --- [           main] org.hibernate.SQL                        : 
    drop table if exists users_roles cascade
Hibernate: 
    drop table if exists users_roles cascade
2025-05-05T14:41:33.217+03:00 DEBUG 17388 --- [           main] org.hibernate.SQL                        : 
    create table budgets (
        limit_amount numeric(38,2) not null,
        category_id bigint not null,
        end_date timestamp(6) not null,
        id bigint generated by default as identity,
        start_date timestamp(6) not null,
        user_id bigint not null,
        period varchar(255) check (period in ('WEEKLY','MONTHLY','YEARLY')),
        primary key (id)
    )
Hibernate: 
    create table budgets (
        limit_amount numeric(38,2) not null,
        category_id bigint not null,
        end_date timestamp(6) not null,
        id bigint generated by default as identity,
        start_date timestamp(6) not null,
        user_id bigint not null,
        period varchar(255) check (period in ('WEEKLY','MONTHLY','YEARLY')),
        primary key (id)
    )
2025-05-05T14:41:33.234+03:00 DEBUG 17388 --- [           main] org.hibernate.SQL                        : 
    create table categories (
        id bigint generated by default as identity,
        name varchar(255) not null unique,
        type varchar(255),
        primary key (id)
    )
Hibernate: 
    create table categories (
        id bigint generated by default as identity,
        name varchar(255) not null unique,
        type varchar(255),
        primary key (id)
    )
2025-05-05T14:41:33.238+03:00 DEBUG 17388 --- [           main] org.hibernate.SQL                        : 
    create table notification_entity (
        created_at timestamp(6) not null,
        id bigint generated by default as identity,
        user_id bigint not null,
        message varchar(255) not null,
        primary key (id)
    )
Hibernate: 
    create table notification_entity (
        created_at timestamp(6) not null,
        id bigint generated by default as identity,
        user_id bigint not null,
        message varchar(255) not null,
        primary key (id)
    )
2025-05-05T14:41:33.241+03:00 DEBUG 17388 --- [           main] org.hibernate.SQL                        : 
    create table roles (
        id integer generated by default as identity,
        name varchar(255),
        primary key (id)
    )
Hibernate: 
    create table roles (
        id integer generated by default as identity,
        name varchar(255),
        primary key (id)
    )
2025-05-05T14:41:33.242+03:00 DEBUG 17388 --- [           main] org.hibernate.SQL                        : 
    create table transactions (
        amount numeric(38,2) not null,
        category_id bigint not null,
        date timestamp(6) not null,
        id bigint generated by default as identity,
        user_id bigint not null,
        description varchar(255),
        primary key (id)
    )
Hibernate: 
    create table transactions (
        amount numeric(38,2) not null,
        category_id bigint not null,
        date timestamp(6) not null,
        id bigint generated by default as identity,
        user_id bigint not null,
        description varchar(255),
        primary key (id)
    )
2025-05-05T14:41:33.244+03:00 DEBUG 17388 --- [           main] org.hibernate.SQL                        : 
    create table users (
        id bigint generated by default as identity,
        email varchar(255),
        password varchar(255),
        username varchar(255) not null unique,
        primary key (id)
    )
Hibernate: 
    create table users (
        id bigint generated by default as identity,
        email varchar(255),
        password varchar(255),
        username varchar(255) not null unique,
        primary key (id)
    )
2025-05-05T14:41:33.246+03:00 DEBUG 17388 --- [           main] org.hibernate.SQL                        : 
    create table users_categories (
        category_id bigint not null,
        user_id bigint not null,
        primary key (category_id, user_id)
    )
Hibernate: 
    create table users_categories (
        category_id bigint not null,
        user_id bigint not null,
        primary key (category_id, user_id)
    )
2025-05-05T14:41:33.247+03:00 DEBUG 17388 --- [           main] org.hibernate.SQL                        : 
    create table users_roles (
        role_id integer not null,
        user_id bigint not null
    )
Hibernate: 
    create table users_roles (
        role_id integer not null,
        user_id bigint not null
    )
2025-05-05T14:41:33.248+03:00 DEBUG 17388 --- [           main] org.hibernate.SQL                        : 
    alter table if exists budgets 
       add constraint FKn7qib00712y8dwelmqfwis6ka 
       foreign key (category_id) 
       references categories
Hibernate: 
    alter table if exists budgets 
       add constraint FKn7qib00712y8dwelmqfwis6ka 
       foreign key (category_id) 
       references categories
2025-05-05T14:41:33.257+03:00 DEBUG 17388 --- [           main] org.hibernate.SQL                        : 
    alter table if exists budgets 
       add constraint FKln0tm5tgf3f9q3sp9sa5m8m7b 
       foreign key (user_id) 
       references users
Hibernate: 
    alter table if exists budgets 
       add constraint FKln0tm5tgf3f9q3sp9sa5m8m7b 
       foreign key (user_id) 
       references users
2025-05-05T14:41:33.260+03:00 DEBUG 17388 --- [           main] org.hibernate.SQL                        : 
    alter table if exists notification_entity 
       add constraint FKfoa2euf4wdwqrvju7kmv3vsv7 
       foreign key (user_id) 
       references users
Hibernate: 
    alter table if exists notification_entity 
       add constraint FKfoa2euf4wdwqrvju7kmv3vsv7 
       foreign key (user_id) 
       references users
2025-05-05T14:41:33.263+03:00 DEBUG 17388 --- [           main] org.hibernate.SQL                        : 
    alter table if exists transactions 
       add constraint FKsqqi7sneo04kast0o138h19mv 
       foreign key (category_id) 
       references categories
Hibernate: 
    alter table if exists transactions 
       add constraint FKsqqi7sneo04kast0o138h19mv 
       foreign key (category_id) 
       references categories
2025-05-05T14:41:33.265+03:00 DEBUG 17388 --- [           main] org.hibernate.SQL                        : 
    alter table if exists transactions 
       add constraint FKqwv7rmvc8va8rep7piikrojds 
       foreign key (user_id) 
       references users
Hibernate: 
    alter table if exists transactions 
       add constraint FKqwv7rmvc8va8rep7piikrojds 
       foreign key (user_id) 
       references users
2025-05-05T14:41:33.267+03:00 DEBUG 17388 --- [           main] org.hibernate.SQL                        : 
    alter table if exists users_categories 
       add constraint FK5ctr8c7vf7jr9s5hq2fc081nx 
       foreign key (category_id) 
       references categories
Hibernate: 
    alter table if exists users_categories 
       add constraint FK5ctr8c7vf7jr9s5hq2fc081nx 
       foreign key (category_id) 
       references categories
2025-05-05T14:41:33.270+03:00 DEBUG 17388 --- [           main] org.hibernate.SQL                        : 
    alter table if exists users_categories 
       add constraint FK9nit8oweucmsyrcj5syixrkfw 
       foreign key (user_id) 
       references users
Hibernate: 
    alter table if exists users_categories 
       add constraint FK9nit8oweucmsyrcj5syixrkfw 
       foreign key (user_id) 
       references users
2025-05-05T14:41:33.272+03:00 DEBUG 17388 --- [           main] org.hibernate.SQL                        : 
    alter table if exists users_roles 
       add constraint FKj6m8fwv7oqv74fcehir1a9ffy 
       foreign key (role_id) 
       references roles
Hibernate: 
    alter table if exists users_roles 
       add constraint FKj6m8fwv7oqv74fcehir1a9ffy 
       foreign key (role_id) 
       references roles
2025-05-05T14:41:33.275+03:00 DEBUG 17388 --- [           main] org.hibernate.SQL                        : 
    alter table if exists users_roles 
       add constraint FK2o0jvgh89lemvvo17cbqvdxaa 
       foreign key (user_id) 
       references users
Hibernate: 
    alter table if exists users_roles 
       add constraint FK2o0jvgh89lemvvo17cbqvdxaa 
       foreign key (user_id) 
       references users
2025-05-05T14:41:33.288+03:00  INFO 17388 --- [           main] j.LocalContainerEntityManagerFactoryBean : Initialized JPA EntityManagerFactory for persistence unit 'default'
2025-05-05T14:41:33.577+03:00  WARN 17388 --- [           main] JpaBaseConfiguration$JpaWebConfiguration : spring.jpa.open-in-view is enabled by default. Therefore, database queries may be performed during view rendering. Explicitly configure spring.jpa.open-in-view to disable this warning
2025-05-05T14:41:33.604+03:00  INFO 17388 --- [           main] r$InitializeUserDetailsManagerConfigurer : Global AuthenticationManager configured with UserDetailsService bean with name userServiceImpl
2025-05-05T14:41:33.900+03:00  WARN 17388 --- [           main] thorizationManagerRequestMatcherRegistry : One of the patterns in [swagger-ui/**, swagger-ui**, /v3/api-docs/**, /v3/api-docs**] is missing a leading slash. This is discouraged; please include the leading slash in all your request matcher patterns. In future versions of Spring Security, leaving out the leading slash will result in an exception.
2025-05-05T14:41:34.379+03:00  INFO 17388 --- [           main] o.s.b.a.h2.H2ConsoleAutoConfiguration    : H2 console available at '/h2-console'. Database available at 'jdbc:h2:mem:testdb'
2025-05-05T14:41:34.524+03:00  INFO 17388 --- [           main] o.s.b.t.m.w.SpringBootMockServletContext : Initializing Spring TestDispatcherServlet ''
2025-05-05T14:41:34.525+03:00  INFO 17388 --- [           main] o.s.t.web.servlet.TestDispatcherServlet  : Initializing Servlet ''
2025-05-05T14:41:34.528+03:00  INFO 17388 --- [           main] o.s.t.web.servlet.TestDispatcherServlet  : Completed initialization in 3 ms
2025-05-05T14:41:34.563+03:00  INFO 17388 --- [           main] c.e.financetracker.SecurityConfigTest    : Started SecurityConfigTest in 3.844 seconds (process running for 30.074)
2025-05-05T14:41:34.961+03:00  INFO 17388 --- [           main] c.e.f.controller.CategoryController      : category in controller CategoryEntity(id=1, name=Book)
]]></system-out>
  </testcase>
  <testcase name="testSecuredEndpoints(HttpMethod, String, String, HttpStatus)[2]" classname="com.example.financetracker.SecurityConfigTest" time="0.058"/>
  <testcase name="testSecuredEndpoints(HttpMethod, String, String, HttpStatus)[3]" classname="com.example.financetracker.SecurityConfigTest" time="0.167"/>
  <testcase name="testSecuredEndpoints(HttpMethod, String, String, HttpStatus)[4]" classname="com.example.financetracker.SecurityConfigTest" time="0.044"/>
  <testcase name="testSecuredEndpoints(HttpMethod, String, String, HttpStatus)[5]" classname="com.example.financetracker.SecurityConfigTest" time="0.016">
    <system-out><![CDATA[2025-05-05T14:41:35.348+03:00  INFO 17388 --- [           main] c.e.f.controller.CategoryController      : Returning categories for current user: []
]]></system-out>
  </testcase>
  <testcase name="testSecuredEndpoints(HttpMethod, String, String, HttpStatus)[6]" classname="com.example.financetracker.SecurityConfigTest" time="0.02"/>
  <testcase name="testSecuredEndpoints(HttpMethod, String, String, HttpStatus)[7]" classname="com.example.financetracker.SecurityConfigTest" time="0.016"/>
  <testcase name="testSecuredEndpoints(HttpMethod, String, String, HttpStatus)[8]" classname="com.example.financetracker.SecurityConfigTest" time="0.049"/>
  <testcase name="testSecuredEndpoints(HttpMethod, String, String, HttpStatus)[9]" classname="com.example.financetracker.SecurityConfigTest" time="0.021"/>
  <testcase name="testSecuredEndpoints(HttpMethod, String, String, HttpStatus)[10]" classname="com.example.financetracker.SecurityConfigTest" time="0.014"/>
  <testcase name="testSecuredEndpoints(HttpMethod, String, String, HttpStatus)[11]" classname="com.example.financetracker.SecurityConfigTest" time="0.016"/>
  <testcase name="testSecuredEndpoints(HttpMethod, String, String, HttpStatus)[12]" classname="com.example.financetracker.SecurityConfigTest" time="0.017"/>
  <testcase name="testSecuredEndpoints(HttpMethod, String, String, HttpStatus)[13]" classname="com.example.financetracker.SecurityConfigTest" time="0.331">
    <system-out><![CDATA[2025-05-05T14:41:35.762+03:00 DEBUG 17388 --- [           main] org.hibernate.SQL                        : 
    select
        ne1_0.id,
        ne1_0.created_at,
        ne1_0.message,
        ne1_0.user_id 
    from
        notification_entity ne1_0 
    left join
        users u1_0 
            on u1_0.id=ne1_0.user_id 
    where
        u1_0.id=?
Hibernate: 
    select
        ne1_0.id,
        ne1_0.created_at,
        ne1_0.message,
        ne1_0.user_id 
    from
        notification_entity ne1_0 
    left join
        users u1_0 
            on u1_0.id=ne1_0.user_id 
    where
        u1_0.id=?
]]></system-out>
  </testcase>
  <testcase name="testSecuredEndpoints(HttpMethod, String, String, HttpStatus)[14]" classname="com.example.financetracker.SecurityConfigTest" time="0.023"/>
  <testcase name="testSecuredEndpoints(HttpMethod, String, String, HttpStatus)[15]" classname="com.example.financetracker.SecurityConfigTest" time="0.017"/>
  <testcase name="registerNewUser_ShouldReturnOK_WithAuthentication" classname="com.example.financetracker.SecurityConfigTest" time="0.027"/>
  <testcase name="authEndpoint_ShouldReturnOK_WithoutAuthentication" classname="com.example.financetracker.SecurityConfigTest" time="0.016"/>
</testsuite>