<?xml version="1.0" encoding="UTF-8"?>
<testsuite xmlns:xsi="http://www.w3.org/2001/XMLSchema-instance" xsi:noNamespaceSchemaLocation="https://maven.apache.org/surefire/maven-surefire-plugin/xsd/surefire-test-report.xsd" version="3.0.2" name="com.example.financetracker.service.AuthServiceImplTest" time="0.428" tests="5" errors="0" skipped="0" failures="0">
  <properties>
[...]
</properties>
  <testcase name="createNewUser_ShouldThrowException_WhenPasswordsDoNotMatch" classname="com.example.financetracker.service.AuthServiceImplTest" time="0.347"/>
  <testcase name="createAuthenticationToken_ShouldReturnJwtResponse_WhenCredentialsAreInvalid" classname="com.example.financetracker.service.AuthServiceImplTest" time="0.027"/>
  <testcase name="createAuthenticationToken_ShouldReturnJwtResponse_WhenCredentialsAreValid" classname="com.example.financetracker.service.AuthServiceImplTest" time="0.027"/>
  <testcase name="createNewUser_ShouldThrowException_WhenUsernameIsEmpty" classname="com.example.financetracker.service.AuthServiceImplTest" time="0.009"/>
  <testcase name="createNewUser_ShouldThrowException_WhenUsernameAlreadyExists" classname="com.example.financetracker.service.AuthServiceImplTest" time="0.011"/>
</testsuite>